<?xml version="1.0" encoding="UTF-8"?>
<!-- Generated by org.testng.reporters.JUnitXMLReporter -->
<testsuite ignored="0" hostname="VAGO" failures="0" tests="3" name="Test" time="36.009" errors="0" timestamp="2025-03-04T06:49:47 IST">
  <testcase classname="amazon1.TC002uniccount" name="TC002uniccount002" time="8.534"/>
  <testcase classname="amazon1.TC001popupaddcort" name="TC001uniccount001" time="13.539"/>
  <testcase classname="flipcart1.TC001BuyMobile" name="TC001BuyMobile001" time="13.889"/>
</testsuite> <!-- Test -->
