<?xml version="1.0" encoding="UTF-8"?>
<!-- Generated by org.testng.reporters.JUnitReportReporter -->
<testsuite hostname="VAGO" failures="0" tests="6" name="runner.training_all" time="0.561" errors="0" timestamp="2025-06-09T22:27:14 IST" skipped="6">
  <testcase classname="runner.training_all" name="runScenario" time="0.017">
    <skipped/>
  </testcase> <!-- runScenario -->
  <testcase classname="runner.training_all" name="runScenario" time="0.009">
    <skipped/>
  </testcase> <!-- runScenario -->
  <testcase classname="runner.training_all" name="runScenario" time="0.497">
    <skipped/>
  </testcase> <!-- runScenario -->
  <testcase classname="runner.training_all" name="runScenario" time="0.021">
    <skipped/>
  </testcase> <!-- runScenario -->
  <testcase classname="runner.training_all" name="runScenario" time="0.009">
    <skipped/>
  </testcase> <!-- runScenario -->
  <testcase classname="runner.training_all" name="runScenario" time="0.008">
    <skipped/>
  </testcase> <!-- runScenario -->
</testsuite> <!-- runner.training_all -->
