<?xml version="1.0" encoding="UTF-8"?>
<!-- Generated by org.testng.reporters.JUnitReportReporter -->
<testsuite hostname="VAGO" failures="0" tests="3" name="runner.runall" time="54.296" errors="1" timestamp="2025-06-02T22:50:31 IST" skipped="0">
  <testcase classname="runner.runall" name="runScenario" time="18.090"/>
  <testcase classname="runner.runall" name="runScenario" time="16.130"/>
  <testcase classname="runner.runall" name="runScenario" time="20.076">
    <error message="element not interactable
  (Session info: chrome=137.0.7151.55)
Build info: version: &#039;4.27.0&#039;, revision: &#039;d6e718d134&#039;
System info: os.name: &#039;Windows 11&#039;, os.arch: &#039;amd64&#039;, os.version: &#039;10.0&#039;, java.version: &#039;21.0.6&#039;
Driver info: org.openqa.selenium.chrome.ChromeDriver
Command: [9373eb31b975807466e4624edea859b2, clickElement {id=f.D9546F399C791A1FEF6CA47EE546384E.d.751CFAA3A9C7E3CECD6125AFDEFFD510.e.147}]
Capabilities {acceptInsecureCerts: false, browserName: chrome, browserVersion: 137.0.7151.55, chrome: {chromedriverVersion: 137.0.7151.55 (254bc711794d..., userDataDir: C:\Users\gokul\AppData\Loca...}, fedcm:accounts: true, goog:chromeOptions: {debuggerAddress: localhost:52271}, networkConnectionEnabled: false, pageLoadStrategy: normal, platformName: windows, proxy: Proxy(), se:cdp: ws://localhost:52271/devtoo..., se:cdpVersion: 137.0.7151.55, setWindowRect: true, strictFileInteractability: false, timeouts: {implicit: 0, pageLoad: 300000, script: 30000}, unhandledPromptBehavior: dismiss and notify, webauthn:extension:credBlob: true, webauthn:extension:largeBlob: true, webauthn:extension:minPinLength: true, webauthn:extension:prf: true, webauthn:virtualAuthenticators: true}
Element: [[ChromeDriver: chrome on windows (9373eb31b975807466e4624edea859b2)] -&gt; xpath: //div[@id=&quot;navigationCollapse&quot;]//li[7]]
Session ID: 9373eb31b975807466e4624edea859b2" type="org.openqa.selenium.ElementNotInteractableException">
      <![CDATA[org.openqa.selenium.ElementNotInteractableException: element not interactable
  (Session info: chrome=137.0.7151.55)
Build info: version: '4.27.0', revision: 'd6e718d134'
System info: os.name: 'Windows 11', os.arch: 'amd64', os.version: '10.0', java.version: '21.0.6'
Driver info: org.openqa.selenium.chrome.ChromeDriver
Command: [9373eb31b975807466e4624edea859b2, clickElement {id=f.D9546F399C791A1FEF6CA47EE546384E.d.751CFAA3A9C7E3CECD6125AFDEFFD510.e.147}]
Capabilities {acceptInsecureCerts: false, browserName: chrome, browserVersion: 137.0.7151.55, chrome: {chromedriverVersion: 137.0.7151.55 (254bc711794d..., userDataDir: C:\Users\gokul\AppData\Loca...}, fedcm:accounts: true, goog:chromeOptions: {debuggerAddress: localhost:52271}, networkConnectionEnabled: false, pageLoadStrategy: normal, platformName: windows, proxy: Proxy(), se:cdp: ws://localhost:52271/devtoo..., se:cdpVersion: 137.0.7151.55, setWindowRect: true, strictFileInteractability: false, timeouts: {implicit: 0, pageLoad: 300000, script: 30000}, unhandledPromptBehavior: dismiss and notify, webauthn:extension:credBlob: true, webauthn:extension:largeBlob: true, webauthn:extension:minPinLength: true, webauthn:extension:prf: true, webauthn:virtualAuthenticators: true}
Element: [[ChromeDriver: chrome on windows (9373eb31b975807466e4624edea859b2)] -> xpath: //div[@id="navigationCollapse"]//li[7]]
Session ID: 9373eb31b975807466e4624edea859b2
at java.base/jdk.internal.reflect.DirectConstructorHandleAccessor.newInstance(DirectConstructorHandleAccessor.java:62)
at java.base/java.lang.reflect.Constructor.newInstanceWithCaller(Constructor.java:502)
at java.base/java.lang.reflect.Constructor.newInstance(Constructor.java:486)
at org.openqa.selenium.remote.ErrorCodec.decode(ErrorCodec.java:167)
at org.openqa.selenium.remote.codec.w3c.W3CHttpResponseCodec.decode(W3CHttpResponseCodec.java:138)
at org.openqa.selenium.remote.codec.w3c.W3CHttpResponseCodec.decode(W3CHttpResponseCodec.java:50)
at org.openqa.selenium.remote.HttpCommandExecutor.execute(HttpCommandExecutor.java:190)
at org.openqa.selenium.remote.service.DriverCommandExecutor.invokeExecute(DriverCommandExecutor.java:216)
at org.openqa.selenium.remote.service.DriverCommandExecutor.execute(DriverCommandExecutor.java:174)
at org.openqa.selenium.remote.RemoteWebDriver.execute(RemoteWebDriver.java:545)
at org.openqa.selenium.remote.RemoteWebElement.execute(RemoteWebElement.java:223)
at org.openqa.selenium.remote.RemoteWebElement.click(RemoteWebElement.java:76)
at java.base/jdk.internal.reflect.DirectMethodHandleAccessor.invoke(DirectMethodHandleAccessor.java:103)
at java.base/java.lang.reflect.Method.invoke(Method.java:580)
at org.openqa.selenium.support.pagefactory.internal.LocatingElementHandler.invoke(LocatingElementHandler.java:51)
at jdk.proxy2/jdk.proxy2.$Proxy25.click(Unknown Source)
at base.reusable.toclick(reusable.java:76)
at Pages.irda.selectEserivce(irda.java:25)
at ✽.select eserivce(src\test\java\features\irda.feature:8)
]]>
    </error>
  </testcase> <!-- runScenario -->
</testsuite> <!-- runner.runall -->
