<?xml version="1.0" encoding="UTF-8"?>
<testng-results ignored="0" total="2" passed="2" failed="0" skipped="0">
  <reporter-output>
  </reporter-output>
  <suite started-at="2025-04-06T13:44:17 IST" name="Suite" finished-at="2025-04-06T13:44:43 IST" duration-ms="26099">
    <groups>
      <group name="cucumber">
        <method signature="AbstractTestNGCucumberTests.runScenario(cucumber.api.testng.PickleEventWrapper,cucumber.api.testng.CucumberFeatureWrapper)[pri:0, instance:runner.Runner@4d1c00d0]" name="runScenario" class="cucumber.api.testng.AbstractTestNGCucumberTests"/>
        <method signature="AbstractTestNGCucumberTests.runScenario(cucumber.api.testng.PickleEventWrapper,cucumber.api.testng.CucumberFeatureWrapper)[pri:0, instance:runner.palasibar@ba2f4ec]" name="runScenario" class="cucumber.api.testng.AbstractTestNGCucumberTests"/>
      </group> <!-- cucumber -->
    </groups>
    <test started-at="2025-04-06T13:44:17 IST" name="Test" finished-at="2025-04-06T13:44:43 IST" duration-ms="26099">
      <class name="runner.palasibar">
        <test-method is-config="true" signature="setUpClass()[pri:0, instance:runner.palasibar@ba2f4ec]" started-at="2025-04-06T13:44:28 IST" name="setUpClass" finished-at="2025-04-06T13:44:28 IST" duration-ms="2" status="PASS">
          <reporter-output>
          </reporter-output>
        </test-method> <!-- setUpClass -->
        <test-method signature="runScenario(cucumber.api.testng.PickleEventWrapper,cucumber.api.testng.CucumberFeatureWrapper)[pri:0, instance:runner.palasibar@ba2f4ec]" started-at="2025-04-06T13:44:28 IST" name="runScenario" description="Runs Cucumber Scenarios" data-provider="scenarios" finished-at="2025-04-06T13:44:43 IST" duration-ms="15657" status="PASS">
          <params>
            <param index="0">
              <value>
                <![CDATA["Apply for travel insurance"]]>
              </value>
            </param>
            <param index="1">
              <value>
                <![CDATA["Travel Insurance Flow"]]>
              </value>
            </param>
          </params>
          <reporter-output>
          </reporter-output>
        </test-method> <!-- runScenario -->
        <test-method is-config="true" signature="tearDownClass()[pri:0, instance:runner.palasibar@ba2f4ec]" started-at="2025-04-06T13:44:43 IST" name="tearDownClass" finished-at="2025-04-06T13:44:43 IST" duration-ms="31" status="PASS">
          <reporter-output>
          </reporter-output>
        </test-method> <!-- tearDownClass -->
      </class> <!-- runner.palasibar -->
      <class name="runner.Runner">
        <test-method is-config="true" signature="setUpClass()[pri:0, instance:runner.Runner@4d1c00d0]" started-at="2025-04-06T13:44:17 IST" name="setUpClass" finished-at="2025-04-06T13:44:17 IST" duration-ms="84" status="PASS">
          <reporter-output>
          </reporter-output>
        </test-method> <!-- setUpClass -->
        <test-method signature="runScenario(cucumber.api.testng.PickleEventWrapper,cucumber.api.testng.CucumberFeatureWrapper)[pri:0, instance:runner.Runner@4d1c00d0]" started-at="2025-04-06T13:44:17 IST" name="runScenario" description="Runs Cucumber Scenarios" data-provider="scenarios" finished-at="2025-04-06T13:44:28 IST" duration-ms="10231" status="PASS">
          <params>
            <param index="0">
              <value>
                <![CDATA["Valid user login"]]>
              </value>
            </param>
            <param index="1">
              <value>
                <![CDATA["Login functionality"]]>
              </value>
            </param>
          </params>
          <reporter-output>
          </reporter-output>
        </test-method> <!-- runScenario -->
        <test-method is-config="true" signature="tearDownClass()[pri:0, instance:runner.Runner@4d1c00d0]" started-at="2025-04-06T13:44:28 IST" name="tearDownClass" finished-at="2025-04-06T13:44:28 IST" duration-ms="21" status="PASS">
          <reporter-output>
          </reporter-output>
        </test-method> <!-- tearDownClass -->
      </class> <!-- runner.Runner -->
    </test> <!-- Test -->
  </suite> <!-- Suite -->
</testng-results>
