<?xml version="1.0" encoding="UTF-8"?>
<testng-results ignored="0" total="0" passed="0" failed="0" skipped="0">
  <reporter-output>
  </reporter-output>
  <suite started-at="2025-06-11T00:11:53 IST" name="Default suite" finished-at="2025-06-11T00:11:53 IST" duration-ms="861">
    <groups>
      <group name="cucumber">
        <method signature="AbstractTestNGCucumberTests.runScenario(cucumber.api.testng.PickleEventWrapper,cucumber.api.testng.CucumberFeatureWrapper)[pri:0, instance:runner.training_all@3bd82cf5]" name="runScenario" class="cucumber.api.testng.AbstractTestNGCucumberTests"/>
      </group> <!-- cucumber -->
    </groups>
    <test started-at="2025-06-11T00:11:53 IST" name="Default test" finished-at="2025-06-11T00:11:53 IST" duration-ms="861">
      <class name="runner.training_all">
        <test-method is-config="true" signature="setUpClass()[pri:0, instance:runner.training_all@3bd82cf5]" started-at="2025-06-11T00:11:53 IST" name="setUpClass" finished-at="2025-06-11T00:11:53 IST" duration-ms="396" status="PASS">
          <reporter-output>
          </reporter-output>
        </test-method> <!-- setUpClass -->
        <test-method is-config="true" signature="tearDownClass()[pri:0, instance:runner.training_all@3bd82cf5]" started-at="2025-06-11T00:11:53 IST" name="tearDownClass" finished-at="2025-06-11T00:11:53 IST" duration-ms="408" status="PASS">
          <reporter-output>
          </reporter-output>
        </test-method> <!-- tearDownClass -->
      </class> <!-- runner.training_all -->
    </test> <!-- Default test -->
  </suite> <!-- Default suite -->
</testng-results>
